<?xml version="1.0" encoding="UTF-8"?>
<testng-results ignored="0" total="1" passed="0" failed="1" skipped="0">
  <reporter-output>
  </reporter-output>
  <suite started-at="2024-12-02T19:37:17 IST" name="Default suite" finished-at="2024-12-02T19:37:41 IST" duration-ms="24462">
    <groups>
    </groups>
    <test started-at="2024-12-02T19:37:17 IST" name="Default test" finished-at="2024-12-02T19:37:41 IST" duration-ms="24462">
      <class name="org.automation.testingworld.testcases.RegistrationTestCases">
        <test-method is-config="true" signature="beforeSuite()[pri:0, instance:org.automation.testingworld.testcases.RegistrationTestCases@42e99e4a]" started-at="2024-12-02T19:37:16 IST" name="beforeSuite" finished-at="2024-12-02T19:37:17 IST" duration-ms="1019" status="PASS">
          <reporter-output>
          </reporter-output>
        </test-method> <!-- beforeSuite -->
        <test-method is-config="true" signature="beforeTest()[pri:0, instance:org.automation.testingworld.testcases.RegistrationTestCases@42e99e4a]" started-at="2024-12-02T19:37:17 IST" name="beforeTest" finished-at="2024-12-02T19:37:17 IST" duration-ms="1" status="PASS">
          <reporter-output>
          </reporter-output>
        </test-method> <!-- beforeTest -->
        <test-method is-config="true" signature="setUp()[pri:0, instance:org.automation.testingworld.testcases.RegistrationTestCases@42e99e4a]" started-at="2024-12-02T19:37:17 IST" name="setUp" finished-at="2024-12-02T19:37:23 IST" duration-ms="6027" status="PASS">
          <reporter-output>
          </reporter-output>
        </test-method> <!-- setUp -->
        <test-method is-config="true" signature="initializePage()[pri:0, instance:org.automation.testingworld.testcases.RegistrationTestCases@42e99e4a]" started-at="2024-12-02T19:37:23 IST" name="initializePage" finished-at="2024-12-02T19:37:23 IST" duration-ms="41" status="PASS">
          <reporter-output>
          </reporter-output>
        </test-method> <!-- initializePage -->
        <test-method is-config="true" signature="beforeMethod()[pri:0, instance:org.automation.testingworld.testcases.RegistrationTestCases@42e99e4a]" started-at="2024-12-02T19:37:23 IST" name="beforeMethod" finished-at="2024-12-02T19:37:23 IST" duration-ms="1" status="PASS">
          <reporter-output>
          </reporter-output>
        </test-method> <!-- beforeMethod -->
        <test-method signature="ValidateRegistrationFunctionality()[pri:0, instance:org.automation.testingworld.testcases.RegistrationTestCases@42e99e4a]" started-at="2024-12-02T19:37:23 IST" name="ValidateRegistrationFunctionality" finished-at="2024-12-02T19:37:41 IST" duration-ms="17984" status="FAIL">
          <exception class="org.openqa.selenium.NoSuchElementException">
            <message>
              <![CDATA[Cannot locate option with text: Pune
For documentation on this error, please visit: https://www.selenium.dev/documentation/webdriver/troubleshooting/errors#no-such-element-exception
Build info: version: '4.10.0', revision: 'c14d967899'
System info: os.name: 'Windows 10', os.arch: 'amd64', os.version: '10.0', java.version: '17.0.13'
Driver info: driver.version: unknown]]>
            </message>
            <full-stacktrace>
              <![CDATA[org.openqa.selenium.NoSuchElementException: Cannot locate option with text: Pune
For documentation on this error, please visit: https://www.selenium.dev/documentation/webdriver/troubleshooting/errors#no-such-element-exception
Build info: version: '4.10.0', revision: 'c14d967899'
System info: os.name: 'Windows 10', os.arch: 'amd64', os.version: '10.0', java.version: '17.0.13'
Driver info: driver.version: unknown
at org.openqa.selenium.support.ui.Select.selectByVisibleText(Select.java:153)
at org.automation.testingworld.commonLibrary.PageActions.selectValueFromDropdown(PageActions.java:11)
at org.automation.testingworld.webpages.RegistrationPage.selectCity(RegistrationPage.java:78)
at org.automation.testingworld.testcases.RegistrationTestCases.ValidateRegistrationFunctionality(RegistrationTestCases.java:41)
at java.base/jdk.internal.reflect.NativeMethodAccessorImpl.invoke0(Native Method)
at java.base/jdk.internal.reflect.NativeMethodAccessorImpl.invoke(NativeMethodAccessorImpl.java:77)
at java.base/jdk.internal.reflect.DelegatingMethodAccessorImpl.invoke(DelegatingMethodAccessorImpl.java:43)
at java.base/java.lang.reflect.Method.invoke(Method.java:568)
at org.testng.internal.MethodInvocationHelper.invokeMethod(MethodInvocationHelper.java:134)
at org.testng.internal.TestInvoker.invokeMethod(TestInvoker.java:597)
at org.testng.internal.TestInvoker.invokeTestMethod(TestInvoker.java:173)
at org.testng.internal.MethodRunner.runInSequence(MethodRunner.java:46)
at org.testng.internal.TestInvoker$MethodInvocationAgent.invoke(TestInvoker.java:816)
at org.testng.internal.TestInvoker.invokeTestMethods(TestInvoker.java:146)
at org.testng.internal.TestMethodWorker.invokeTestMethods(TestMethodWorker.java:146)
at org.testng.internal.TestMethodWorker.run(TestMethodWorker.java:128)
at java.base/java.util.ArrayList.forEach(ArrayList.java:1511)
at org.testng.TestRunner.privateRun(TestRunner.java:766)
at org.testng.TestRunner.run(TestRunner.java:587)
at org.testng.SuiteRunner.runTest(SuiteRunner.java:384)
at org.testng.SuiteRunner.runSequentially(SuiteRunner.java:378)
at org.testng.SuiteRunner.privateRun(SuiteRunner.java:337)
at org.testng.SuiteRunner.run(SuiteRunner.java:286)
at org.testng.SuiteRunnerWorker.runSuite(SuiteRunnerWorker.java:53)
at org.testng.SuiteRunnerWorker.run(SuiteRunnerWorker.java:96)
at org.testng.TestNG.runSuitesSequentially(TestNG.java:1187)
at org.testng.TestNG.runSuitesLocally(TestNG.java:1109)
at org.testng.TestNG.runSuites(TestNG.java:1039)
at org.testng.TestNG.run(TestNG.java:1007)
at org.testng.remote.AbstractRemoteTestNG.run(AbstractRemoteTestNG.java:115)
at org.testng.remote.RemoteTestNG.initAndRun(RemoteTestNG.java:293)
at org.testng.remote.RemoteTestNG.main(RemoteTestNG.java:91)
]]>
            </full-stacktrace>
          </exception> <!-- org.openqa.selenium.NoSuchElementException -->
          <reporter-output>
          </reporter-output>
        </test-method> <!-- ValidateRegistrationFunctionality -->
        <test-method is-config="true" signature="afterMethod()[pri:0, instance:org.automation.testingworld.testcases.RegistrationTestCases@42e99e4a]" started-at="2024-12-02T19:37:41 IST" name="afterMethod" finished-at="2024-12-02T19:37:41 IST" duration-ms="3" status="PASS">
          <reporter-output>
          </reporter-output>
        </test-method> <!-- afterMethod -->
        <test-method is-config="true" signature="tearDown()[pri:0, instance:org.automation.testingworld.testcases.RegistrationTestCases@42e99e4a]" started-at="2024-12-02T19:37:41 IST" name="tearDown" finished-at="2024-12-02T19:37:41 IST" duration-ms="339" status="PASS">
          <reporter-output>
          </reporter-output>
        </test-method> <!-- tearDown -->
        <test-method is-config="true" signature="afterTest()[pri:0, instance:org.automation.testingworld.testcases.RegistrationTestCases@42e99e4a]" started-at="2024-12-02T19:37:41 IST" name="afterTest" finished-at="2024-12-02T19:37:41 IST" duration-ms="0" status="PASS">
          <reporter-output>
          </reporter-output>
        </test-method> <!-- afterTest -->
        <test-method is-config="true" signature="afterSuite()[pri:0, instance:org.automation.testingworld.testcases.RegistrationTestCases@42e99e4a]" started-at="2024-12-02T19:37:41 IST" name="afterSuite" finished-at="2024-12-02T19:37:41 IST" duration-ms="2" status="PASS">
          <reporter-output>
          </reporter-output>
        </test-method> <!-- afterSuite -->
      </class> <!-- org.automation.testingworld.testcases.RegistrationTestCases -->
    </test> <!-- Default test -->
  </suite> <!-- Default suite -->
</testng-results>
