<?xml version="1.0" encoding="UTF-8"?>
<testng-results ignored="0" total="1" passed="1" failed="0" skipped="0">
  <reporter-output>
  </reporter-output>
  <suite started-at="2024-11-30T21:26:47 IST" name="Default suite" finished-at="2024-11-30T21:26:54 IST" duration-ms="6715">
    <groups>
    </groups>
    <test started-at="2024-11-30T21:26:47 IST" name="Default test" finished-at="2024-11-30T21:26:54 IST" duration-ms="6715">
      <class name="org.automation.testingworld.testcases.ValidateLoginFunctionality">
        <test-method is-config="true" signature="initiateDriverInstance()[pri:0, instance:org.automation.testingworld.testcases.ValidateLoginFunctionality@123ef382]" started-at="2024-11-30T21:26:47 IST" name="initiateDriverInstance" finished-at="2024-11-30T21:26:53 IST" duration-ms="5502" status="PASS">
          <reporter-output>
          </reporter-output>
        </test-method> <!-- initiateDriverInstance -->
        <test-method signature="VerifyLoginFunctionality()[pri:0, instance:org.automation.testingworld.testcases.ValidateLoginFunctionality@123ef382]" started-at="2024-11-30T21:26:53 IST" name="VerifyLoginFunctionality" finished-at="2024-11-30T21:26:54 IST" duration-ms="800" status="PASS">
          <reporter-output>
          </reporter-output>
        </test-method> <!-- VerifyLoginFunctionality -->
        <test-method is-config="true" signature="closeDriverInstance()[pri:0, instance:org.automation.testingworld.testcases.ValidateLoginFunctionality@123ef382]" started-at="2024-11-30T21:26:54 IST" name="closeDriverInstance" finished-at="2024-11-30T21:26:54 IST" duration-ms="338" status="PASS">
          <reporter-output>
          </reporter-output>
        </test-method> <!-- closeDriverInstance -->
      </class> <!-- org.automation.testingworld.testcases.ValidateLoginFunctionality -->
    </test> <!-- Default test -->
  </suite> <!-- Default suite -->
</testng-results>
